<?xml version="1.0" encoding="UTF-8"?>
<!-- Generated by org.testng.reporters.JUnitXMLReporter -->
<testsuite hostname="Avinashs-MacBook-Pro.local" ignored="1" name="Default test" tests="1" failures="0" timestamp="07 May 2022 05:20:33 GMT" time="24.037" errors="0">
  <testcase name="verifyConfirmationAlertIsOpened" time="6.205" classname="com.resonance.regression.RegressionTests"/>
  <testcase name="verifyTitleOfHomePage" time="0.0" classname="com.resonance.regression.RegressionTests">
    <ignored/>
  </testcase> <!-- verifyTitleOfHomePage -->
</testsuite> <!-- Default test -->
