<?xml version="1.0" encoding="UTF-8"?>
<testng-results skipped="0" failed="0" ignored="1" total="2" passed="1">
  <reporter-output>
  </reporter-output>
  <suite name="Default suite" duration-ms="24037" started-at="2022-05-07T05:20:09Z" finished-at="2022-05-07T05:20:33Z">
    <groups>
    </groups>
    <test name="Default test" duration-ms="24037" started-at="2022-05-07T05:20:09Z" finished-at="2022-05-07T05:20:33Z">
      <class name="com.resonance.regression.RegressionTests">
        <test-method status="PASS" signature="setUp()[pri:0, instance:com.resonance.regression.RegressionTests@3cc2931c]" name="setUp" is-config="true" duration-ms="17439" started-at="2022-05-07T05:20:09Z" finished-at="2022-05-07T05:20:26Z">
          <reporter-output>
          </reporter-output>
        </test-method> <!-- setUp -->
        <test-method status="PASS" signature="verifyConfirmationAlertIsOpened()[pri:0, instance:com.resonance.regression.RegressionTests@3cc2931c]" name="verifyConfirmationAlertIsOpened" duration-ms="6205" started-at="2022-05-07T05:20:26Z" finished-at="2022-05-07T05:20:32Z">
          <reporter-output>
          </reporter-output>
        </test-method> <!-- verifyConfirmationAlertIsOpened -->
        <test-method status="PASS" signature="tearDown()[pri:0, instance:com.resonance.regression.RegressionTests@3cc2931c]" name="tearDown" is-config="true" duration-ms="335" started-at="2022-05-07T05:20:32Z" finished-at="2022-05-07T05:20:33Z">
          <reporter-output>
          </reporter-output>
        </test-method> <!-- tearDown -->
      </class> <!-- com.resonance.regression.RegressionTests -->
    </test> <!-- Default test -->
  </suite> <!-- Default suite -->
</testng-results>
